<?xml version="1.0" encoding="UTF-8"?>
<!-- Generated by org.testng.reporters.JUnitXMLReporter -->
<testsuite ignored="3" hostname="Rajkumar" failures="1" tests="1" name="Default test(failed)" time="0.27" errors="0" timestamp="2022-03-22T21:52:59 IST">
  <testcase classname="TestNGKeyword.Allkeyword" name="TC3" time="0.22">
    <failure type="org.testng.internal.thread.ThreadTimeoutException" message="Method TestNGKeyword.Allkeyword.TC3() didn&amp;apos;t finish within the time-out 200">
      <![CDATA[org.testng.internal.thread.ThreadTimeoutException: Method TestNGKeyword.Allkeyword.TC3() didn't finish within the time-out 200
at java.base/java.util.ArrayList.forEach(ArrayList.java:1511)
... Removed 24 stack frames]]>
    </failure>
  </testcase> <!-- TC3 -->
  <testcase classname="TestNGKeyword.Allkeyword" name="TC1" time="0.0">
    <ignored/>
  </testcase> <!-- TC1 -->
  <testcase classname="TestNGKeyword.Allkeyword" name="TC2" time="0.0">
    <ignored/>
  </testcase> <!-- TC2 -->
  <testcase classname="TestNGKeyword.Allkeyword" name="TC4" time="0.0">
    <ignored/>
  </testcase> <!-- TC4 -->
</testsuite> <!-- Default test(failed) -->
