<?xml version="1.0" encoding="UTF-8"?>
<!-- Generated by org.testng.reporters.JUnitXMLReporter -->
<testsuite ignored="0" hostname="Rajkumar" failures="0" tests="4" name="Test" time="0.087" errors="0" timestamp="2022-04-11T18:40:02 IST">
  <testcase classname="TestNgserialandparallel.DuTest" name="f1" time="0.016"/>
  <testcase classname="TestNgserialandparallel.DuTest" name="f2" time="0.001"/>
  <testcase classname="TestNgserialandparallel.DuTest" name="f3" time="0.002"/>
  <testcase classname="TestNgserialandparallel.DuTest" name="f4" time="0.001"/>
</testsuite> <!-- Test -->
