<?xml version="1.0" encoding="UTF-8"?>
<!-- Generated by org.testng.reporters.JUnitXMLReporter -->
<testsuite ignored="3" hostname="Rajkumar" failures="0" tests="1" name="Default test(failed)(failed)" time="0.067" errors="0" timestamp="2022-03-22T21:53:58 IST">
  <testcase classname="TestNGKeyword.Allkeyword" name="TC3" time="0.015"/>
  <testcase classname="TestNGKeyword.Allkeyword" name="TC1" time="0.0">
    <ignored/>
  </testcase> <!-- TC1 -->
  <testcase classname="TestNGKeyword.Allkeyword" name="TC2" time="0.0">
    <ignored/>
  </testcase> <!-- TC2 -->
  <testcase classname="TestNGKeyword.Allkeyword" name="TC4" time="0.0">
    <ignored/>
  </testcase> <!-- TC4 -->
</testsuite> <!-- Default test(failed)(failed) -->
