<?xml version="1.0" encoding="UTF-8"?>
<testng-results ignored="0" total="8" passed="8" failed="0" skipped="0">
  <reporter-output>
    <line>
      <![CDATA[This is a test case 1]]>
    </line>
    <line>
      <![CDATA[This is a test case 2]]>
    </line>
    <line>
      <![CDATA[This is a test case 3]]>
    </line>
    <line>
      <![CDATA[This is a test case 4]]>
    </line>
    <line>
      <![CDATA[This is a test case 5]]>
    </line>
    <line>
      <![CDATA[This is a test case 6]]>
    </line>
  </reporter-output>
  <suite started-at="2022-04-05T18:22:28 IST" name="Suite" finished-at="2022-04-05T18:22:43 IST" duration-ms="15180">
    <groups>
    </groups>
    <test started-at="2022-04-05T18:22:28 IST" name="Test1" finished-at="2022-04-05T18:22:40 IST" duration-ms="11650">
      <class name="TestNgserialandparallel.SerialAndParallel3">
        <test-method signature="Method()[pri:0, instance:TestNgserialandparallel.SerialAndParallel3@4d5d943d]" started-at="2022-04-05T18:22:28 IST" name="Method" finished-at="2022-04-05T18:22:40 IST" duration-ms="11585" status="PASS">
          <reporter-output>
          </reporter-output>
        </test-method> <!-- Method -->
      </class> <!-- TestNgserialandparallel.SerialAndParallel3 -->
    </test> <!-- Test1 -->
    <test started-at="2022-04-05T18:22:28 IST" name="Test" finished-at="2022-04-05T18:22:43 IST" duration-ms="15180">
      <class name="TestNgserialandparallel.SerialAndParallel2">
        <test-method signature="Method()[pri:0, instance:TestNgserialandparallel.SerialAndParallel2@4fb61f4a]" started-at="2022-04-05T18:22:28 IST" name="Method" finished-at="2022-04-05T18:22:43 IST" duration-ms="15094" status="PASS">
          <reporter-output>
          </reporter-output>
        </test-method> <!-- Method -->
        <test-method signature="TC1()[pri:0, instance:TestNgserialandparallel.SerialAndParallel2@4fb61f4a]" started-at="2022-04-05T18:22:43 IST" name="TC1" finished-at="2022-04-05T18:22:43 IST" duration-ms="3" status="PASS">
          <reporter-output>
            <line>
              <![CDATA[This is a test case 1]]>
            </line>
          </reporter-output>
        </test-method> <!-- TC1 -->
        <test-method signature="TC2()[pri:0, instance:TestNgserialandparallel.SerialAndParallel2@4fb61f4a]" started-at="2022-04-05T18:22:43 IST" name="TC2" finished-at="2022-04-05T18:22:43 IST" duration-ms="2" status="PASS">
          <reporter-output>
            <line>
              <![CDATA[This is a test case 2]]>
            </line>
          </reporter-output>
        </test-method> <!-- TC2 -->
        <test-method signature="TC3()[pri:0, instance:TestNgserialandparallel.SerialAndParallel2@4fb61f4a]" started-at="2022-04-05T18:22:43 IST" name="TC3" finished-at="2022-04-05T18:22:43 IST" duration-ms="2" status="PASS">
          <reporter-output>
            <line>
              <![CDATA[This is a test case 3]]>
            </line>
          </reporter-output>
        </test-method> <!-- TC3 -->
        <test-method signature="TC4()[pri:0, instance:TestNgserialandparallel.SerialAndParallel2@4fb61f4a]" started-at="2022-04-05T18:22:43 IST" name="TC4" finished-at="2022-04-05T18:22:43 IST" duration-ms="2" status="PASS">
          <reporter-output>
            <line>
              <![CDATA[This is a test case 4]]>
            </line>
          </reporter-output>
        </test-method> <!-- TC4 -->
        <test-method signature="TC5()[pri:0, instance:TestNgserialandparallel.SerialAndParallel2@4fb61f4a]" started-at="2022-04-05T18:22:43 IST" name="TC5" finished-at="2022-04-05T18:22:43 IST" duration-ms="2" status="PASS">
          <reporter-output>
            <line>
              <![CDATA[This is a test case 5]]>
            </line>
          </reporter-output>
        </test-method> <!-- TC5 -->
        <test-method signature="TC6()[pri:0, instance:TestNgserialandparallel.SerialAndParallel2@4fb61f4a]" started-at="2022-04-05T18:22:43 IST" name="TC6" finished-at="2022-04-05T18:22:43 IST" duration-ms="2" status="PASS">
          <reporter-output>
            <line>
              <![CDATA[This is a test case 6]]>
            </line>
          </reporter-output>
        </test-method> <!-- TC6 -->
      </class> <!-- TestNgserialandparallel.SerialAndParallel2 -->
    </test> <!-- Test -->
  </suite> <!-- Suite -->
</testng-results>
